<?xml version="1.0" encoding="UTF-8"?>
<testng-results skipped="0" failed="0" ignored="0" total="2" passed="2">
  <reporter-output>
  </reporter-output>
  <suite name="Default suite" duration-ms="3585" started-at="2020-06-30T18:21:38Z" finished-at="2020-06-30T18:21:42Z">
    <groups>
    </groups>
    <test name="Default test" duration-ms="3585" started-at="2020-06-30T18:21:38Z" finished-at="2020-06-30T18:21:42Z">
      <class name="APItestingRassurt.com.RestAssurtAPITesting.TC001_GET_REQUEST">
        <test-method status="PASS" signature="f()[pri:0, instance:APItestingRassurt.com.RestAssurtAPITesting.TC001_GET_REQUEST@8bd1b6a]" name="f" duration-ms="3069" started-at="2020-06-30T18:21:38Z" finished-at="2020-06-30T18:21:41Z">
          <reporter-output>
          </reporter-output>
        </test-method> <!-- f -->
        <test-method status="PASS" signature="g()[pri:0, instance:APItestingRassurt.com.RestAssurtAPITesting.TC001_GET_REQUEST@8bd1b6a]" name="g" duration-ms="478" started-at="2020-06-30T18:21:41Z" finished-at="2020-06-30T18:21:42Z">
          <reporter-output>
          </reporter-output>
        </test-method> <!-- g -->
      </class> <!-- APItestingRassurt.com.RestAssurtAPITesting.TC001_GET_REQUEST -->
    </test> <!-- Default test -->
  </suite> <!-- Default suite -->
</testng-results>
